   1              		.cpu cortex-m4
   2              		.eabi_attribute 20, 1
   3              		.eabi_attribute 21, 1
   4              		.eabi_attribute 23, 3
   5              		.eabi_attribute 24, 1
   6              		.eabi_attribute 25, 1
   7              		.eabi_attribute 26, 1
   8              		.eabi_attribute 30, 4
   9              		.eabi_attribute 34, 1
  10              		.eabi_attribute 18, 4
  11              		.file	"simpleserial-base.c"
  12              		.text
  13              	.Ltext0:
  14              		.cfi_sections	.debug_frame
  15              		.section	.text.get_key,"ax",%progbits
  16              		.align	1
  17              		.global	get_key
  18              		.arch armv7e-m
  19              		.syntax unified
  20              		.thumb
  21              		.thumb_func
  22              		.fpu softvfp
  24              	get_key:
  25              	.LVL0:
  26              	.LFB0:
  27              		.file 1 "simpleserial-base.c"
   1:simpleserial-base.c **** /*
   2:simpleserial-base.c ****     This file is part of the ChipWhisperer Example Targets
   3:simpleserial-base.c ****     Copyright (C) 2012-2017 NewAE Technology Inc.
   4:simpleserial-base.c **** 
   5:simpleserial-base.c ****     This program is free software: you can redistribute it and/or modify
   6:simpleserial-base.c ****     it under the terms of the GNU General Public License as published by
   7:simpleserial-base.c ****     the Free Software Foundation, either version 3 of the License, or
   8:simpleserial-base.c ****     (at your option) any later version.
   9:simpleserial-base.c **** 
  10:simpleserial-base.c ****     This program is distributed in the hope that it will be useful,
  11:simpleserial-base.c ****     but WITHOUT ANY WARRANTY; without even the implied warranty of
  12:simpleserial-base.c ****     MERCHANTABILITY or FITNESS FOR A PARTICULAR PURPOSE.  See the
  13:simpleserial-base.c ****     GNU General Public License for more details.
  14:simpleserial-base.c **** 
  15:simpleserial-base.c ****     You should have received a copy of the GNU General Public License
  16:simpleserial-base.c ****     along with this program.  If not, see <http://www.gnu.org/licenses/>.
  17:simpleserial-base.c **** */
  18:simpleserial-base.c **** 
  19:simpleserial-base.c **** #include "hal.h"
  20:simpleserial-base.c **** #include <stdint.h>
  21:simpleserial-base.c **** #include <stdlib.h>
  22:simpleserial-base.c **** 
  23:simpleserial-base.c **** #include "simpleserial.h"
  24:simpleserial-base.c **** 
  25:simpleserial-base.c **** uint8_t get_key(uint8_t* k, uint8_t len)
  26:simpleserial-base.c **** {
  28              		.loc 1 26 1 view -0
  29              		.cfi_startproc
  30              		@ args = 0, pretend = 0, frame = 0
  31              		@ frame_needed = 0, uses_anonymous_args = 0
  32              		@ link register save eliminated.
  27:simpleserial-base.c **** 	// Load key here
  28:simpleserial-base.c **** 	return 0x00;
  33              		.loc 1 28 2 view .LVU1
  29:simpleserial-base.c **** }
  34              		.loc 1 29 1 is_stmt 0 view .LVU2
  35 0000 0020     		movs	r0, #0
  36              	.LVL1:
  37              		.loc 1 29 1 view .LVU3
  38 0002 7047     		bx	lr
  39              		.cfi_endproc
  40              	.LFE0:
  42              		.section	.text.get_pt,"ax",%progbits
  43              		.align	1
  44              		.global	get_pt
  45              		.syntax unified
  46              		.thumb
  47              		.thumb_func
  48              		.fpu softvfp
  50              	get_pt:
  51              	.LVL2:
  52              	.LFB1:
  30:simpleserial-base.c **** 
  31:simpleserial-base.c **** uint8_t get_pt(uint8_t* pt, uint8_t len)
  32:simpleserial-base.c **** {
  53              		.loc 1 32 1 is_stmt 1 view -0
  54              		.cfi_startproc
  55              		@ args = 0, pretend = 0, frame = 0
  56              		@ frame_needed = 0, uses_anonymous_args = 0
  33:simpleserial-base.c **** 	/**********************************
  34:simpleserial-base.c **** 	* Start user-specific code here. */
  35:simpleserial-base.c **** 	trigger_high();
  57              		.loc 1 35 2 view .LVU5
  32:simpleserial-base.c **** 	/**********************************
  58              		.loc 1 32 1 is_stmt 0 view .LVU6
  59 0000 10B5     		push	{r4, lr}
  60              	.LCFI0:
  61              		.cfi_def_cfa_offset 8
  62              		.cfi_offset 4, -8
  63              		.cfi_offset 14, -4
  32:simpleserial-base.c **** 	/**********************************
  64              		.loc 1 32 1 view .LVU7
  65 0002 0446     		mov	r4, r0
  66              		.loc 1 35 2 view .LVU8
  67 0004 FFF7FEFF 		bl	trigger_high
  68              	.LVL3:
  36:simpleserial-base.c **** 
  37:simpleserial-base.c **** 	//16 hex bytes held in 'pt' were sent
  38:simpleserial-base.c **** 	//from the computer. Store your response
  39:simpleserial-base.c **** 	//back into 'pt', which will send 16 bytes
  40:simpleserial-base.c **** 	//back to computer. Can ignore of course if
  41:simpleserial-base.c **** 	//not needed
  42:simpleserial-base.c **** 
  43:simpleserial-base.c **** 	trigger_low();
  69              		.loc 1 43 2 is_stmt 1 view .LVU9
  70 0008 FFF7FEFF 		bl	trigger_low
  71              	.LVL4:
  44:simpleserial-base.c **** 	/* End user-specific code here. *
  45:simpleserial-base.c **** 	********************************/
  46:simpleserial-base.c **** 	simpleserial_put('r', 16, pt);
  72              		.loc 1 46 2 view .LVU10
  73 000c 2246     		mov	r2, r4
  74 000e 1021     		movs	r1, #16
  75 0010 7220     		movs	r0, #114
  76 0012 FFF7FEFF 		bl	simpleserial_put
  77              	.LVL5:
  47:simpleserial-base.c **** 	return 0x00;
  78              		.loc 1 47 2 view .LVU11
  48:simpleserial-base.c **** }
  79              		.loc 1 48 1 is_stmt 0 view .LVU12
  80 0016 0020     		movs	r0, #0
  81 0018 10BD     		pop	{r4, pc}
  82              		.loc 1 48 1 view .LVU13
  83              		.cfi_endproc
  84              	.LFE1:
  86              		.section	.text.reset,"ax",%progbits
  87              		.align	1
  88              		.global	reset
  89              		.syntax unified
  90              		.thumb
  91              		.thumb_func
  92              		.fpu softvfp
  94              	reset:
  95              	.LFB5:
  96              		.cfi_startproc
  97              		@ args = 0, pretend = 0, frame = 0
  98              		@ frame_needed = 0, uses_anonymous_args = 0
  99              		@ link register save eliminated.
 100 0000 0020     		movs	r0, #0
 101 0002 7047     		bx	lr
 102              		.cfi_endproc
 103              	.LFE5:
 105              		.section	.text.startup.main,"ax",%progbits
 106              		.align	1
 107              		.global	main
 108              		.syntax unified
 109              		.thumb
 110              		.thumb_func
 111              		.fpu softvfp
 113              	main:
 114              	.LFB3:
  49:simpleserial-base.c **** 
  50:simpleserial-base.c **** uint8_t reset(uint8_t* x, uint8_t len)
  51:simpleserial-base.c **** {
  52:simpleserial-base.c **** 	// Reset key here if needed
  53:simpleserial-base.c **** 	return 0x00;
  54:simpleserial-base.c **** }
  55:simpleserial-base.c **** 
  56:simpleserial-base.c **** #if SS_VER == SS_VER_2_1
  57:simpleserial-base.c **** uint8_t aes(uint8_t cmd, uint8_t scmd, uint8_t len, uint8_t *buf)
  58:simpleserial-base.c **** {
  59:simpleserial-base.c ****     uint8_t req_len = 0;
  60:simpleserial-base.c ****     uint8_t err = 0;
  61:simpleserial-base.c **** 
  62:simpleserial-base.c ****     if (scmd & 0x02) {
  63:simpleserial-base.c ****         req_len += 16;
  64:simpleserial-base.c ****         if (req_len > len) {
  65:simpleserial-base.c ****             return SS_ERR_LEN;
  66:simpleserial-base.c ****         }
  67:simpleserial-base.c ****         err = get_key(buf + req_len - 16, 16);
  68:simpleserial-base.c ****         if (err)
  69:simpleserial-base.c ****             return err;
  70:simpleserial-base.c ****     }
  71:simpleserial-base.c ****     if (scmd & 0x01) {
  72:simpleserial-base.c ****         req_len += 16;
  73:simpleserial-base.c ****         if (req_len > len) {
  74:simpleserial-base.c ****             return SS_ERR_LEN;
  75:simpleserial-base.c ****         }
  76:simpleserial-base.c ****         err = get_pt(buf + req_len - 16, 16);
  77:simpleserial-base.c ****         if (err)
  78:simpleserial-base.c ****             return err;
  79:simpleserial-base.c ****     }
  80:simpleserial-base.c **** 
  81:simpleserial-base.c ****     if (len != req_len) {
  82:simpleserial-base.c ****         return SS_ERR_LEN;
  83:simpleserial-base.c ****     }
  84:simpleserial-base.c **** 
  85:simpleserial-base.c ****     return 0x00;
  86:simpleserial-base.c **** 
  87:simpleserial-base.c **** }
  88:simpleserial-base.c **** #endif
  89:simpleserial-base.c **** 
  90:simpleserial-base.c **** int main(void)
  91:simpleserial-base.c **** {
 115              		.loc 1 91 1 is_stmt 1 view -0
 116              		.cfi_startproc
 117              		@ Volatile: function does not return.
 118              		@ args = 0, pretend = 0, frame = 0
 119              		@ frame_needed = 0, uses_anonymous_args = 0
  92:simpleserial-base.c ****     platform_init();
 120              		.loc 1 92 5 view .LVU15
  91:simpleserial-base.c ****     platform_init();
 121              		.loc 1 91 1 is_stmt 0 view .LVU16
 122 0000 08B5     		push	{r3, lr}
 123              	.LCFI1:
 124              		.cfi_def_cfa_offset 8
 125              		.cfi_offset 3, -8
 126              		.cfi_offset 14, -4
 127              		.loc 1 92 5 view .LVU17
 128 0002 FFF7FEFF 		bl	platform_init
 129              	.LVL6:
  93:simpleserial-base.c **** 	init_uart();
 130              		.loc 1 93 2 is_stmt 1 view .LVU18
 131 0006 FFF7FEFF 		bl	init_uart
 132              	.LVL7:
  94:simpleserial-base.c **** 	trigger_setup();
 133              		.loc 1 94 2 view .LVU19
 134 000a FFF7FEFF 		bl	trigger_setup
 135              	.LVL8:
  95:simpleserial-base.c **** 
  96:simpleserial-base.c ****  	/* Uncomment this to get a HELLO message for debug */
  97:simpleserial-base.c **** 	/*
  98:simpleserial-base.c **** 	putch('h');
  99:simpleserial-base.c **** 	putch('e');
 100:simpleserial-base.c **** 	putch('l');
 101:simpleserial-base.c **** 	putch('l');
 102:simpleserial-base.c **** 	putch('o');
 103:simpleserial-base.c **** 	putch('\n');
 104:simpleserial-base.c **** 	*/
 105:simpleserial-base.c **** 
 106:simpleserial-base.c **** 	simpleserial_init();
 136              		.loc 1 106 2 view .LVU20
 137 000e FFF7FEFF 		bl	simpleserial_init
 138              	.LVL9:
 107:simpleserial-base.c **** #if SS_VER != SS_VER_2_1
 108:simpleserial-base.c **** 	simpleserial_addcmd('p', 16, get_pt);
 139              		.loc 1 108 2 view .LVU21
 140 0012 094A     		ldr	r2, .L6
 141 0014 1021     		movs	r1, #16
 142 0016 7020     		movs	r0, #112
 143 0018 FFF7FEFF 		bl	simpleserial_addcmd
 144              	.LVL10:
 109:simpleserial-base.c **** 	simpleserial_addcmd('k', 16, get_key);
 145              		.loc 1 109 2 view .LVU22
 146 001c 074A     		ldr	r2, .L6+4
 147 001e 1021     		movs	r1, #16
 148 0020 6B20     		movs	r0, #107
 149 0022 FFF7FEFF 		bl	simpleserial_addcmd
 150              	.LVL11:
 110:simpleserial-base.c **** 	simpleserial_addcmd('x', 0, reset);
 151              		.loc 1 110 2 view .LVU23
 152 0026 064A     		ldr	r2, .L6+8
 153 0028 0021     		movs	r1, #0
 154 002a 7820     		movs	r0, #120
 155 002c FFF7FEFF 		bl	simpleserial_addcmd
 156              	.LVL12:
 157              	.L5:
 111:simpleserial-base.c **** #else
 112:simpleserial-base.c ****     simpleserial_addcmd(0x01, 16, aes);
 113:simpleserial-base.c **** 
 114:simpleserial-base.c **** #endif
 115:simpleserial-base.c **** 	while(1)
 158              		.loc 1 115 2 discriminator 1 view .LVU24
 116:simpleserial-base.c **** 		simpleserial_get();
 159              		.loc 1 116 3 discriminator 1 view .LVU25
 160 0030 FFF7FEFF 		bl	simpleserial_get
 161              	.LVL13:
 115:simpleserial-base.c **** 		simpleserial_get();
 162              		.loc 1 115 7 discriminator 1 view .LVU26
 163 0034 FCE7     		b	.L5
 164              	.L7:
 165 0036 00BF     		.align	2
 166              	.L6:
 167 0038 00000000 		.word	get_pt
 168 003c 00000000 		.word	get_key
 169 0040 00000000 		.word	reset
 170              		.cfi_endproc
 171              	.LFE3:
 173              		.text
 174              	.Letext0:
 175              		.file 2 ".././hal/hal.h"
 176              		.file 3 ".././hal/stm32f4/stm32f4_hal.h"
 177              		.file 4 ".././simpleserial/simpleserial.h"
 178              		.file 5 "/usr/lib/gcc/arm-none-eabi/10.3.1/include/stdint.h"
DEFINED SYMBOLS
                            *ABS*:0000000000000000 simpleserial-base.c
     /tmp/cc6nwzxy.s:16     .text.get_key:0000000000000000 $t
     /tmp/cc6nwzxy.s:24     .text.get_key:0000000000000000 get_key
     /tmp/cc6nwzxy.s:43     .text.get_pt:0000000000000000 $t
     /tmp/cc6nwzxy.s:50     .text.get_pt:0000000000000000 get_pt
     /tmp/cc6nwzxy.s:87     .text.reset:0000000000000000 $t
     /tmp/cc6nwzxy.s:94     .text.reset:0000000000000000 reset
     /tmp/cc6nwzxy.s:106    .text.startup.main:0000000000000000 $t
     /tmp/cc6nwzxy.s:113    .text.startup.main:0000000000000000 main
     /tmp/cc6nwzxy.s:167    .text.startup.main:0000000000000038 $d

UNDEFINED SYMBOLS
trigger_high
trigger_low
simpleserial_put
platform_init
init_uart
trigger_setup
simpleserial_init
simpleserial_addcmd
simpleserial_get
